
*** Running vivado
    with args -log Reg_4_B.vdi -applog -m64 -product Vivado -messageDb vivado.pb -mode batch -source Reg_4_B.tcl -notrace


****** Vivado v2018.3 (64-bit)
  **** SW Build 2405991 on Thu Dec  6 23:38:27 MST 2018
  **** IP Build 2404404 on Fri Dec  7 01:43:56 MST 2018
    ** Copyright 1986-2018 Xilinx, Inc. All Rights Reserved.

source Reg_4_B.tcl -notrace
Command: link_design -top Reg_4_B -part xc7a35tcpg236-1
Design is defaulting to srcset: sources_1
Design is defaulting to constrset: constrs_1
INFO: [Project 1-479] Netlist was created with Vivado 2018.3
INFO: [Device 21-403] Loading part xc7a35tcpg236-1
INFO: [Project 1-570] Preparing netlist for logic optimization
Netlist sorting complete. Time (s): cpu = 00:00:00 ; elapsed = 00:00:00 . Memory (MB): peak = 628.027 ; gain = 0.000
INFO: [Project 1-111] Unisim Transformation Summary:
No Unisim elements were transformed.

4 Infos, 0 Warnings, 0 Critical Warnings and 0 Errors encountered.
link_design completed successfully
link_design: Time (s): cpu = 00:00:04 ; elapsed = 00:00:06 . Memory (MB): peak = 633.605 ; gain = 301.621
Command: opt_design
Attempting to get a license for feature 'Implementation' and/or device 'xc7a35t'
INFO: [Common 17-349] Got license for feature 'Implementation' and/or device 'xc7a35t'
Running DRC as a precondition to command opt_design

Starting DRC Task
INFO: [DRC 23-27] Running DRC with 2 threads
INFO: [Project 1-461] DRC finished with 0 Errors
INFO: [Project 1-462] Please refer to the DRC report (report_drc) for more information.

Time (s): cpu = 00:00:01 ; elapsed = 00:00:00.579 . Memory (MB): peak = 647.215 ; gain = 13.609

Starting Cache Timing Information Task
INFO: [Timing 38-35] Done setting XDC timing constraints.
Ending Cache Timing Information Task | Checksum: e7332e9f

Time (s): cpu = 00:00:11 ; elapsed = 00:00:12 . Memory (MB): peak = 1158.914 ; gain = 511.699

Starting Logic Optimization Task

Phase 1 Retarget
INFO: [Opt 31-138] Pushed 0 inverter(s) to 0 load pin(s).
INFO: [Opt 31-49] Retargeted 0 cell(s).
Phase 1 Retarget | Checksum: e7332e9f

Time (s): cpu = 00:00:00 ; elapsed = 00:00:00.023 . Memory (MB): peak = 1255.742 ; gain = 0.000
INFO: [Opt 31-389] Phase Retarget created 0 cells and removed 0 cells

Phase 2 Constant propagation
INFO: [Opt 31-138] Pushed 0 inverter(s) to 0 load pin(s).
Phase 2 Constant propagation | Checksum: e7332e9f

Time (s): cpu = 00:00:00 ; elapsed = 00:00:00.024 . Memory (MB): peak = 1255.742 ; gain = 0.000
INFO: [Opt 31-389] Phase Constant propagation created 0 cells and removed 0 cells

Phase 3 Sweep
Phase 3 Sweep | Checksum: e7332e9f

Time (s): cpu = 00:00:00 ; elapsed = 00:00:00.026 . Memory (MB): peak = 1255.742 ; gain = 0.000
INFO: [Opt 31-389] Phase Sweep created 0 cells and removed 0 cells

Phase 4 BUFG optimization
Phase 4 BUFG optimization | Checksum: e7332e9f

Time (s): cpu = 00:00:00 ; elapsed = 00:00:00.027 . Memory (MB): peak = 1255.742 ; gain = 0.000
INFO: [Opt 31-662] Phase BUFG optimization created 0 cells of which 0 are BUFGs and removed 0 cells.

Phase 5 Shift Register Optimization
Phase 5 Shift Register Optimization | Checksum: e7332e9f

Time (s): cpu = 00:00:00 ; elapsed = 00:00:00.038 . Memory (MB): peak = 1255.742 ; gain = 0.000
INFO: [Opt 31-389] Phase Shift Register Optimization created 0 cells and removed 0 cells

Phase 6 Post Processing Netlist
Phase 6 Post Processing Netlist | Checksum: e7332e9f

Time (s): cpu = 00:00:00 ; elapsed = 00:00:00.039 . Memory (MB): peak = 1255.742 ; gain = 0.000
INFO: [Opt 31-389] Phase Post Processing Netlist created 0 cells and removed 0 cells
Opt_design Change Summary
=========================


-------------------------------------------------------------------------------------------------------------------------
|  Phase                        |  #Cells created  |  #Cells Removed  |  #Constrained objects preventing optimizations  |
-------------------------------------------------------------------------------------------------------------------------
|  Retarget                     |               0  |               0  |                                              0  |
|  Constant propagation         |               0  |               0  |                                              0  |
|  Sweep                        |               0  |               0  |                                              0  |
|  BUFG optimization            |               0  |               0  |                                              0  |
|  Shift Register Optimization  |               0  |               0  |                                              0  |
|  Post Processing Netlist      |               0  |               0  |                                              0  |
-------------------------------------------------------------------------------------------------------------------------



Starting Connectivity Check Task

Time (s): cpu = 00:00:00 ; elapsed = 00:00:00 . Memory (MB): peak = 1255.742 ; gain = 0.000
Ending Logic Optimization Task | Checksum: e7332e9f

Time (s): cpu = 00:00:00 ; elapsed = 00:00:00.041 . Memory (MB): peak = 1255.742 ; gain = 0.000

Starting Power Optimization Task
INFO: [Pwropt 34-132] Skipping clock gating for clocks with a period < 2.00 ns.
Ending Power Optimization Task | Checksum: e7332e9f

Time (s): cpu = 00:00:00 ; elapsed = 00:00:00.007 . Memory (MB): peak = 1255.742 ; gain = 0.000

Starting Final Cleanup Task
Ending Final Cleanup Task | Checksum: e7332e9f

Time (s): cpu = 00:00:00 ; elapsed = 00:00:00 . Memory (MB): peak = 1255.742 ; gain = 0.000

Starting Netlist Obfuscation Task
Netlist sorting complete. Time (s): cpu = 00:00:00 ; elapsed = 00:00:00 . Memory (MB): peak = 1255.742 ; gain = 0.000
Ending Netlist Obfuscation Task | Checksum: e7332e9f

Time (s): cpu = 00:00:00 ; elapsed = 00:00:00 . Memory (MB): peak = 1255.742 ; gain = 0.000
INFO: [Common 17-83] Releasing license: Implementation
20 Infos, 0 Warnings, 0 Critical Warnings and 0 Errors encountered.
opt_design completed successfully
opt_design: Time (s): cpu = 00:00:13 ; elapsed = 00:00:13 . Memory (MB): peak = 1255.742 ; gain = 622.137
Netlist sorting complete. Time (s): cpu = 00:00:00 ; elapsed = 00:00:00 . Memory (MB): peak = 1255.742 ; gain = 0.000
WARNING: [Constraints 18-5210] No constraints selected for write.
Resolution: This message can indicate that there are no constraints for the design, or it can indicate that the used_in flags are set such that the constraints are ignored. This later case is used when running synth_design to not write synthesis constraints to the resulting checkpoint. Instead, project constraints are read when the synthesized design is opened.
INFO: [Common 17-1381] The checkpoint 'D:/member3/member3.runs/impl_1/Reg_4_B_opt.dcp' has been generated.
INFO: [runtcl-4] Executing : report_drc -file Reg_4_B_drc_opted.rpt -pb Reg_4_B_drc_opted.pb -rpx Reg_4_B_drc_opted.rpx
Command: report_drc -file Reg_4_B_drc_opted.rpt -pb Reg_4_B_drc_opted.pb -rpx Reg_4_B_drc_opted.rpx
INFO: [IP_Flow 19-234] Refreshing IP repositories
INFO: [IP_Flow 19-1704] No user IP repositories specified
INFO: [IP_Flow 19-2313] Loaded Vivado IP repository 'C:/Xilinx/Vivado/2018.3/data/ip'.
INFO: [DRC 23-27] Running DRC with 2 threads
INFO: [Coretcl 2-168] The results of DRC are in file D:/member3/member3.runs/impl_1/Reg_4_B_drc_opted.rpt.
report_drc completed successfully
Command: place_design
Attempting to get a license for feature 'Implementation' and/or device 'xc7a35t'
INFO: [Common 17-349] Got license for feature 'Implementation' and/or device 'xc7a35t'
INFO: [DRC 23-27] Running DRC with 2 threads
INFO: [Vivado_Tcl 4-198] DRC finished with 0 Errors
INFO: [Vivado_Tcl 4-199] Please refer to the DRC report (report_drc) for more information.
Running DRC as a precondition to command place_design
INFO: [DRC 23-27] Running DRC with 2 threads
INFO: [Vivado_Tcl 4-198] DRC finished with 0 Errors
INFO: [Vivado_Tcl 4-199] Please refer to the DRC report (report_drc) for more information.

Starting Placer Task
INFO: [Place 30-611] Multithreading enabled for place_design using a maximum of 2 CPUs

Phase 1 Placer Initialization

Phase 1.1 Placer Initialization Netlist Sorting
Netlist sorting complete. Time (s): cpu = 00:00:00 ; elapsed = 00:00:00 . Memory (MB): peak = 1255.742 ; gain = 0.000
Phase 1.1 Placer Initialization Netlist Sorting | Checksum: 611f9b4d

Time (s): cpu = 00:00:00 ; elapsed = 00:00:00.003 . Memory (MB): peak = 1255.742 ; gain = 0.000
Netlist sorting complete. Time (s): cpu = 00:00:00 ; elapsed = 00:00:00 . Memory (MB): peak = 1255.742 ; gain = 0.000

Phase 1.2 IO Placement/ Clock Placement/ Build Placer Device
INFO: [Timing 38-35] Done setting XDC timing constraints.
Phase 1.2 IO Placement/ Clock Placement/ Build Placer Device | Checksum: 83996838

Time (s): cpu = 00:00:01 ; elapsed = 00:00:00.506 . Memory (MB): peak = 1272.469 ; gain = 16.727

Phase 1.3 Build Placer Netlist Model
Phase 1.3 Build Placer Netlist Model | Checksum: e83d1b82

Time (s): cpu = 00:00:01 ; elapsed = 00:00:00.526 . Memory (MB): peak = 1272.469 ; gain = 16.727

Phase 1.4 Constrain Clocks/Macros
Phase 1.4 Constrain Clocks/Macros | Checksum: e83d1b82

Time (s): cpu = 00:00:01 ; elapsed = 00:00:00.528 . Memory (MB): peak = 1272.469 ; gain = 16.727
Phase 1 Placer Initialization | Checksum: e83d1b82

Time (s): cpu = 00:00:01 ; elapsed = 00:00:00.529 . Memory (MB): peak = 1272.469 ; gain = 16.727

Phase 2 Global Placement

Phase 2.1 Floorplanning
Phase 2.1 Floorplanning | Checksum: e83d1b82

Time (s): cpu = 00:00:01 ; elapsed = 00:00:00.530 . Memory (MB): peak = 1272.469 ; gain = 16.727
WARNING: [Place 46-29] place_design is not in timing mode. Skip physical synthesis in placer
Phase 2 Global Placement | Checksum: 16159f44f

Time (s): cpu = 00:00:01 ; elapsed = 00:00:00.727 . Memory (MB): peak = 1274.566 ; gain = 18.824

Phase 3 Detail Placement

Phase 3.1 Commit Multi Column Macros
Phase 3.1 Commit Multi Column Macros | Checksum: 16159f44f

Time (s): cpu = 00:00:01 ; elapsed = 00:00:00.728 . Memory (MB): peak = 1274.566 ; gain = 18.824

Phase 3.2 Commit Most Macros & LUTRAMs
Phase 3.2 Commit Most Macros & LUTRAMs | Checksum: ca135f69

Time (s): cpu = 00:00:01 ; elapsed = 00:00:00.731 . Memory (MB): peak = 1274.566 ; gain = 18.824

Phase 3.3 Area Swap Optimization
Phase 3.3 Area Swap Optimization | Checksum: a248a5d8

Time (s): cpu = 00:00:01 ; elapsed = 00:00:00.736 . Memory (MB): peak = 1274.566 ; gain = 18.824

Phase 3.4 Pipeline Register Optimization
Phase 3.4 Pipeline Register Optimization | Checksum: a248a5d8

Time (s): cpu = 00:00:01 ; elapsed = 00:00:00.736 . Memory (MB): peak = 1274.566 ; gain = 18.824

Phase 3.5 Small Shape Detail Placement
Phase 3.5 Small Shape Detail Placement | Checksum: f923ae38

Time (s): cpu = 00:00:02 ; elapsed = 00:00:01 . Memory (MB): peak = 1277.355 ; gain = 21.613

Phase 3.6 Re-assign LUT pins
Phase 3.6 Re-assign LUT pins | Checksum: f923ae38

Time (s): cpu = 00:00:02 ; elapsed = 00:00:01 . Memory (MB): peak = 1277.355 ; gain = 21.613

Phase 3.7 Pipeline Register Optimization
Phase 3.7 Pipeline Register Optimization | Checksum: f923ae38

Time (s): cpu = 00:00:02 ; elapsed = 00:00:01 . Memory (MB): peak = 1277.355 ; gain = 21.613
Phase 3 Detail Placement | Checksum: f923ae38

Time (s): cpu = 00:00:02 ; elapsed = 00:00:01 . Memory (MB): peak = 1277.355 ; gain = 21.613

Phase 4 Post Placement Optimization and Clean-Up

Phase 4.1 Post Commit Optimization
Phase 4.1 Post Commit Optimization | Checksum: f923ae38

Time (s): cpu = 00:00:02 ; elapsed = 00:00:01 . Memory (MB): peak = 1277.355 ; gain = 21.613

Phase 4.2 Post Placement Cleanup
Phase 4.2 Post Placement Cleanup | Checksum: f923ae38

Time (s): cpu = 00:00:02 ; elapsed = 00:00:01 . Memory (MB): peak = 1277.355 ; gain = 21.613

Phase 4.3 Placer Reporting
Phase 4.3 Placer Reporting | Checksum: f923ae38

Time (s): cpu = 00:00:02 ; elapsed = 00:00:01 . Memory (MB): peak = 1277.355 ; gain = 21.613

Phase 4.4 Final Placement Cleanup
Netlist sorting complete. Time (s): cpu = 00:00:00 ; elapsed = 00:00:00 . Memory (MB): peak = 1277.355 ; gain = 0.000
Phase 4.4 Final Placement Cleanup | Checksum: f923ae38

Time (s): cpu = 00:00:02 ; elapsed = 00:00:01 . Memory (MB): peak = 1277.355 ; gain = 21.613
Phase 4 Post Placement Optimization and Clean-Up | Checksum: f923ae38

Time (s): cpu = 00:00:02 ; elapsed = 00:00:01 . Memory (MB): peak = 1277.355 ; gain = 21.613
Ending Placer Task | Checksum: 8937beac

Time (s): cpu = 00:00:02 ; elapsed = 00:00:01 . Memory (MB): peak = 1277.355 ; gain = 21.613
INFO: [Common 17-83] Releasing license: Implementation
37 Infos, 2 Warnings, 0 Critical Warnings and 0 Errors encountered.
place_design completed successfully
Netlist sorting complete. Time (s): cpu = 00:00:00 ; elapsed = 00:00:00 . Memory (MB): peak = 1277.355 ; gain = 0.000
WARNING: [Constraints 18-5210] No constraints selected for write.
Resolution: This message can indicate that there are no constraints for the design, or it can indicate that the used_in flags are set such that the constraints are ignored. This later case is used when running synth_design to not write synthesis constraints to the resulting checkpoint. Instead, project constraints are read when the synthesized design is opened.
Writing placer database...
Writing XDEF routing.
Writing XDEF routing logical nets.
Writing XDEF routing special nets.
Write XDEF Complete: Time (s): cpu = 00:00:00 ; elapsed = 00:00:00.097 . Memory (MB): peak = 1277.355 ; gain = 0.000
INFO: [Common 17-1381] The checkpoint 'D:/member3/member3.runs/impl_1/Reg_4_B_placed.dcp' has been generated.
INFO: [runtcl-4] Executing : report_io -file Reg_4_B_io_placed.rpt
report_io: Time (s): cpu = 00:00:00 ; elapsed = 00:00:00.037 . Memory (MB): peak = 1277.875 ; gain = 0.520
INFO: [runtcl-4] Executing : report_utilization -file Reg_4_B_utilization_placed.rpt -pb Reg_4_B_utilization_placed.pb
INFO: [runtcl-4] Executing : report_control_sets -verbose -file Reg_4_B_control_sets_placed.rpt
report_control_sets: Time (s): cpu = 00:00:00 ; elapsed = 00:00:00.001 . Memory (MB): peak = 1277.875 ; gain = 0.000
Command: route_design
Attempting to get a license for feature 'Implementation' and/or device 'xc7a35t'
INFO: [Common 17-349] Got license for feature 'Implementation' and/or device 'xc7a35t'
Running DRC as a precondition to command route_design
INFO: [DRC 23-27] Running DRC with 2 threads
INFO: [Vivado_Tcl 4-198] DRC finished with 0 Errors
INFO: [Vivado_Tcl 4-199] Please refer to the DRC report (report_drc) for more information.


Starting Routing Task
INFO: [Route 35-254] Multithreading enabled for route_design using a maximum of 2 CPUs
Checksum: PlaceDB: 2818235f ConstDB: 0 ShapeSum: 611f9b4d RouteDB: 0

Phase 1 Build RT Design
Phase 1 Build RT Design | Checksum: e1430165

Time (s): cpu = 00:00:19 ; elapsed = 00:00:18 . Memory (MB): peak = 1409.566 ; gain = 128.852
Post Restoration Checksum: NetGraph: b05595e6 NumContArr: 30ed6b7f Constraints: 0 Timing: 0

Phase 2 Router Initialization
INFO: [Route 35-64] No timing constraints were detected. The router will operate in resource-optimization mode.

Phase 2.1 Fix Topology Constraints
Phase 2.1 Fix Topology Constraints | Checksum: e1430165

Time (s): cpu = 00:00:19 ; elapsed = 00:00:18 . Memory (MB): peak = 1415.578 ; gain = 134.863

Phase 2.2 Pre Route Cleanup
Phase 2.2 Pre Route Cleanup | Checksum: e1430165

Time (s): cpu = 00:00:19 ; elapsed = 00:00:18 . Memory (MB): peak = 1415.578 ; gain = 134.863
 Number of Nodes with overlaps = 0
Phase 2 Router Initialization | Checksum: 141cb15d7

Time (s): cpu = 00:00:19 ; elapsed = 00:00:18 . Memory (MB): peak = 1418.586 ; gain = 137.871

Phase 3 Initial Routing
 Number of Nodes with overlaps = 0
Phase 3 Initial Routing | Checksum: 3447c85e

Time (s): cpu = 00:00:19 ; elapsed = 00:00:19 . Memory (MB): peak = 1418.617 ; gain = 137.902

Phase 4 Rip-up And Reroute

Phase 4.1 Global Iteration 0
Phase 4.1 Global Iteration 0 | Checksum: 3447c85e

Time (s): cpu = 00:00:19 ; elapsed = 00:00:19 . Memory (MB): peak = 1418.617 ; gain = 137.902
Phase 4 Rip-up And Reroute | Checksum: 3447c85e

Time (s): cpu = 00:00:19 ; elapsed = 00:00:19 . Memory (MB): peak = 1418.617 ; gain = 137.902

Phase 5 Delay and Skew Optimization
Phase 5 Delay and Skew Optimization | Checksum: 3447c85e

Time (s): cpu = 00:00:19 ; elapsed = 00:00:19 . Memory (MB): peak = 1418.617 ; gain = 137.902

Phase 6 Post Hold Fix

Phase 6.1 Hold Fix Iter
Phase 6.1 Hold Fix Iter | Checksum: 3447c85e

Time (s): cpu = 00:00:19 ; elapsed = 00:00:19 . Memory (MB): peak = 1418.617 ; gain = 137.902
Phase 6 Post Hold Fix | Checksum: 3447c85e

Time (s): cpu = 00:00:19 ; elapsed = 00:00:19 . Memory (MB): peak = 1418.617 ; gain = 137.902

Phase 7 Route finalize

Router Utilization Summary
  Global Vertical Routing Utilization    = 0.0024715 %
  Global Horizontal Routing Utilization  = 0.00286309 %
  Routable Net Status*
  *Does not include unroutable nets such as driverless and loadless.
  Run report_route_status for detailed report.
  Number of Failed Nets               = 0
  Number of Unrouted Nets             = 0
  Number of Partially Routed Nets     = 0
  Number of Node Overlaps             = 0

Congestion Report
North Dir 1x1 Area, Max Cong = 0.900901%, No Congested Regions.
South Dir 1x1 Area, Max Cong = 7.20721%, No Congested Regions.
East Dir 1x1 Area, Max Cong = 7.35294%, No Congested Regions.
West Dir 1x1 Area, Max Cong = 11.7647%, No Congested Regions.

------------------------------
Reporting congestion hotspots
------------------------------
Direction: North
----------------
Congested clusters found at Level 0
Effective congestion level: 0 Aspect Ratio: 1 Sparse Ratio: 0
Direction: South
----------------
Congested clusters found at Level 0
Effective congestion level: 0 Aspect Ratio: 1 Sparse Ratio: 0
Direction: East
----------------
Congested clusters found at Level 0
Effective congestion level: 0 Aspect Ratio: 1 Sparse Ratio: 0
Direction: West
----------------
Congested clusters found at Level 0
Effective congestion level: 0 Aspect Ratio: 1 Sparse Ratio: 0

Phase 7 Route finalize | Checksum: 3447c85e

Time (s): cpu = 00:00:19 ; elapsed = 00:00:19 . Memory (MB): peak = 1418.617 ; gain = 137.902

Phase 8 Verifying routed nets

 Verification completed successfully
Phase 8 Verifying routed nets | Checksum: 3447c85e

Time (s): cpu = 00:00:19 ; elapsed = 00:00:19 . Memory (MB): peak = 1420.676 ; gain = 139.961

Phase 9 Depositing Routes
Phase 9 Depositing Routes | Checksum: 3447c85e

Time (s): cpu = 00:00:19 ; elapsed = 00:00:19 . Memory (MB): peak = 1420.676 ; gain = 139.961
INFO: [Route 35-16] Router Completed Successfully

Time (s): cpu = 00:00:19 ; elapsed = 00:00:19 . Memory (MB): peak = 1420.676 ; gain = 139.961

Routing Is Done.
INFO: [Common 17-83] Releasing license: Implementation
49 Infos, 3 Warnings, 0 Critical Warnings and 0 Errors encountered.
route_design completed successfully
route_design: Time (s): cpu = 00:00:21 ; elapsed = 00:00:19 . Memory (MB): peak = 1420.676 ; gain = 142.801
Netlist sorting complete. Time (s): cpu = 00:00:00 ; elapsed = 00:00:00 . Memory (MB): peak = 1420.676 ; gain = 0.000
WARNING: [Constraints 18-5210] No constraints selected for write.
Resolution: This message can indicate that there are no constraints for the design, or it can indicate that the used_in flags are set such that the constraints are ignored. This later case is used when running synth_design to not write synthesis constraints to the resulting checkpoint. Instead, project constraints are read when the synthesized design is opened.
Writing placer database...
Writing XDEF routing.
Writing XDEF routing logical nets.
Writing XDEF routing special nets.
Write XDEF Complete: Time (s): cpu = 00:00:00 ; elapsed = 00:00:00.030 . Memory (MB): peak = 1420.676 ; gain = 0.000
INFO: [Common 17-1381] The checkpoint 'D:/member3/member3.runs/impl_1/Reg_4_B_routed.dcp' has been generated.
INFO: [runtcl-4] Executing : report_drc -file Reg_4_B_drc_routed.rpt -pb Reg_4_B_drc_routed.pb -rpx Reg_4_B_drc_routed.rpx
Command: report_drc -file Reg_4_B_drc_routed.rpt -pb Reg_4_B_drc_routed.pb -rpx Reg_4_B_drc_routed.rpx
INFO: [IP_Flow 19-1839] IP Catalog is up to date.
INFO: [DRC 23-27] Running DRC with 2 threads
INFO: [Coretcl 2-168] The results of DRC are in file D:/member3/member3.runs/impl_1/Reg_4_B_drc_routed.rpt.
report_drc completed successfully
INFO: [runtcl-4] Executing : report_methodology -file Reg_4_B_methodology_drc_routed.rpt -pb Reg_4_B_methodology_drc_routed.pb -rpx Reg_4_B_methodology_drc_routed.rpx
Command: report_methodology -file Reg_4_B_methodology_drc_routed.rpt -pb Reg_4_B_methodology_drc_routed.pb -rpx Reg_4_B_methodology_drc_routed.rpx
INFO: [Timing 38-35] Done setting XDC timing constraints.
INFO: [DRC 23-133] Running Methodology with 2 threads
INFO: [Coretcl 2-1520] The results of Report Methodology are in file D:/member3/member3.runs/impl_1/Reg_4_B_methodology_drc_routed.rpt.
report_methodology completed successfully
INFO: [runtcl-4] Executing : report_power -file Reg_4_B_power_routed.rpt -pb Reg_4_B_power_summary_routed.pb -rpx Reg_4_B_power_routed.rpx
Command: report_power -file Reg_4_B_power_routed.rpt -pb Reg_4_B_power_summary_routed.pb -rpx Reg_4_B_power_routed.rpx
WARNING: [Power 33-232] No user defined clocks were found in the design!
Resolution: Please specify clocks using create_clock/create_generated_clock for sequential elements. For pure combinatorial circuits, please specify a virtual clock, otherwise the vectorless estimation might be inaccurate
INFO: [Timing 38-35] Done setting XDC timing constraints.
Running Vector-less Activity Propagation...

Finished Running Vector-less Activity Propagation
60 Infos, 5 Warnings, 0 Critical Warnings and 0 Errors encountered.
report_power completed successfully
INFO: [runtcl-4] Executing : report_route_status -file Reg_4_B_route_status.rpt -pb Reg_4_B_route_status.pb
INFO: [runtcl-4] Executing : report_timing_summary -max_paths 10 -file Reg_4_B_timing_summary_routed.rpt -pb Reg_4_B_timing_summary_routed.pb -rpx Reg_4_B_timing_summary_routed.rpx -warn_on_violation 
INFO: [Timing 38-91] UpdateTimingParams: Speed grade: -1, Delay Type: min_max.
INFO: [Timing 38-191] Multithreading enabled for timing update using a maximum of 2 CPUs
WARNING: [Timing 38-313] There are no user specified timing constraints. Timing constraints are needed for proper timing analysis.
INFO: [runtcl-4] Executing : report_incremental_reuse -file Reg_4_B_incremental_reuse_routed.rpt
INFO: [Vivado_Tcl 4-1062] Incremental flow is disabled. No incremental reuse Info to report.
INFO: [runtcl-4] Executing : report_clock_utilization -file Reg_4_B_clock_utilization_routed.rpt
INFO: [runtcl-4] Executing : report_bus_skew -warn_on_violation -file Reg_4_B_bus_skew_routed.rpt -pb Reg_4_B_bus_skew_routed.pb -rpx Reg_4_B_bus_skew_routed.rpx
INFO: [Timing 38-91] UpdateTimingParams: Speed grade: -1, Delay Type: min_max.
INFO: [Timing 38-191] Multithreading enabled for timing update using a maximum of 2 CPUs
INFO: [Common 17-206] Exiting Vivado at Wed Apr 29 18:09:27 2026...
