Copyright 1986-2022 Xilinx, Inc. All Rights Reserved. Copyright 2022-2025 Advanced Micro Devices, Inc. All Rights Reserved.
------------------------------------------------------------------------------------------------------------------------------------------------------------------------------------------------------------------------------------------------
| Tool Version : Vivado v.2025.2 (win64) Build 6299465 Fri Nov 14 19:35:11 GMT 2025
| Date         : Wed Apr 29 18:22:10 2026
| Host         : DESKTOP-ALOKK6F running 64-bit major release  (build 9200)
| Command      : report_timing_summary -max_paths 10 -routable_nets -report_unconstrained -file Add_Sub_Unit_timing_summary_routed.rpt -pb Add_Sub_Unit_timing_summary_routed.pb -rpx Add_Sub_Unit_timing_summary_routed.rpx -warn_on_violation
| Design       : Add_Sub_Unit
| Device       : 7a12ti-csg325
| Speed File   : -1L  PRODUCTION 1.23 2018-06-13
| Design State : Routed
------------------------------------------------------------------------------------------------------------------------------------------------------------------------------------------------------------------------------------------------

Timing Summary Report

------------------------------------------------------------------------------------------------
| Timer Settings
| --------------
------------------------------------------------------------------------------------------------

  Enable Multi Corner Analysis               :  Yes
  Enable Pessimism Removal                   :  Yes
  Pessimism Removal Resolution               :  Nearest Common Node
  Enable Input Delay Default Clock           :  No
  Enable Preset / Clear Arcs                 :  No
  Disable Flight Delays                      :  No
  Ignore I/O Paths                           :  No
  Timing Early Launch at Borrowing Latches   :  No
  Borrow Time for Max Delay Exceptions       :  Yes
  Merge Timing Exceptions                    :  Yes
  Inter-SLR Compensation                     :  Conservative

  Corner  Analyze    Analyze    
  Name    Max Paths  Min Paths  
  ------  ---------  ---------  
  Slow    Yes        Yes        
  Fast    Yes        Yes        


------------------------------------------------------------------------------------------------
| Report Methodology
| ------------------
------------------------------------------------------------------------------------------------

No report available as report_methodology has not been run prior. Run report_methodology on the current design for the summary of methodology violations.



check_timing report

Table of Contents
-----------------
1. checking no_clock (0)
2. checking constant_clock (0)
3. checking pulse_width_clock (0)
4. checking unconstrained_internal_endpoints (0)
5. checking no_input_delay (0)
6. checking no_output_delay (0)
7. checking multiple_clock (0)
8. checking generated_clocks (0)
9. checking loops (0)
10. checking partial_input_delay (0)
11. checking partial_output_delay (0)
12. checking latch_loops (0)

1. checking no_clock (0)
------------------------
 There are 0 register/latch pins with no clock.


2. checking constant_clock (0)
------------------------------
 There are 0 register/latch pins with constant_clock.


3. checking pulse_width_clock (0)
---------------------------------
 There are 0 register/latch pins which need pulse_width check


4. checking unconstrained_internal_endpoints (0)
------------------------------------------------
 There are 0 pins that are not constrained for maximum delay.

 There are 0 pins that are not constrained for maximum delay due to constant clock.


5. checking no_input_delay (0)
------------------------------
 There are 0 input ports with no input delay specified.

 There are 0 input ports with no input delay but user has a false path constraint.


6. checking no_output_delay (0)
-------------------------------
 There are 0 ports with no output delay specified.

 There are 0 ports with no output delay but user has a false path constraint

 There are 0 ports with no output delay but with a timing clock defined on it or propagating through it


7. checking multiple_clock (0)
------------------------------
 There are 0 register/latch pins with multiple clocks.


8. checking generated_clocks (0)
--------------------------------
 There are 0 generated clocks that are not connected to a clock source.


9. checking loops (0)
---------------------
 There are 0 combinational loops in the design.


10. checking partial_input_delay (0)
------------------------------------
 There are 0 input ports with partial input delay specified.


11. checking partial_output_delay (0)
-------------------------------------
 There are 0 ports with partial output delay specified.


12. checking latch_loops (0)
----------------------------
 There are 0 combinational latch loops in the design through latch input



------------------------------------------------------------------------------------------------
| Design Timing Summary
| ---------------------
------------------------------------------------------------------------------------------------

    WNS(ns)      TNS(ns)  TNS Failing Endpoints  TNS Total Endpoints      WHS(ns)      THS(ns)  THS Failing Endpoints  THS Total Endpoints     WPWS(ns)     TPWS(ns)  TPWS Failing Endpoints  TPWS Total Endpoints  
    -------      -------  ---------------------  -------------------      -------      -------  ---------------------  -------------------     --------     --------  ----------------------  --------------------  
        inf        0.000                      0                    7          inf        0.000                      0                    7           NA           NA                      NA                    NA  


There are no user specified timing constraints.


------------------------------------------------------------------------------------------------
| Clock Summary
| -------------
------------------------------------------------------------------------------------------------


------------------------------------------------------------------------------------------------
| Intra Clock Table
| -----------------
------------------------------------------------------------------------------------------------

Clock             WNS(ns)      TNS(ns)  TNS Failing Endpoints  TNS Total Endpoints      WHS(ns)      THS(ns)  THS Failing Endpoints  THS Total Endpoints     WPWS(ns)     TPWS(ns)  TPWS Failing Endpoints  TPWS Total Endpoints  
-----             -------      -------  ---------------------  -------------------      -------      -------  ---------------------  -------------------     --------     --------  ----------------------  --------------------  


------------------------------------------------------------------------------------------------
| Inter Clock Table
| -----------------
------------------------------------------------------------------------------------------------

From Clock    To Clock          WNS(ns)      TNS(ns)  TNS Failing Endpoints  TNS Total Endpoints      WHS(ns)      THS(ns)  THS Failing Endpoints  THS Total Endpoints  
----------    --------          -------      -------  ---------------------  -------------------      -------      -------  ---------------------  -------------------  


------------------------------------------------------------------------------------------------
| Other Path Groups Table
| -----------------------
------------------------------------------------------------------------------------------------

Path Group    From Clock    To Clock          WNS(ns)      TNS(ns)  TNS Failing Endpoints  TNS Total Endpoints      WHS(ns)      THS(ns)  THS Failing Endpoints  THS Total Endpoints  
----------    ----------    --------          -------      -------  ---------------------  -------------------      -------      -------  ---------------------  -------------------  


------------------------------------------------------------------------------------------------
| User Ignored Path Table
| -----------------------
------------------------------------------------------------------------------------------------

Path Group    From Clock    To Clock    
----------    ----------    --------    


------------------------------------------------------------------------------------------------
| Unconstrained Path Table
| ------------------------
------------------------------------------------------------------------------------------------

Path Group    From Clock    To Clock    
----------    ----------    --------    
(none)                                    


------------------------------------------------------------------------------------------------
| Timing Details
| --------------
------------------------------------------------------------------------------------------------


--------------------------------------------------------------------------------------
Path Group:  (none)
From Clock:  
  To Clock:  

Max Delay             7 Endpoints
Min Delay             7 Endpoints
--------------------------------------------------------------------------------------


Max Delay Paths
--------------------------------------------------------------------------------------
Slack:                    inf
  Source:                 A[1]
                            (input port)
  Destination:            C_outT
                            (output port)
  Path Group:             (none)
  Path Type:              Max at Slow Process Corner
  Data Path Delay:        8.408ns  (logic 3.862ns (45.936%)  route 4.546ns (54.064%))
  Logic Levels:           4  (IBUF=1 LUT5=1 LUT6=1 OBUF=1)

    Location             Delay type                Incr(ns)  Path(ns)    Netlist Resource(s)
  -------------------------------------------------------------------    -------------------
    V9                                                0.000     0.000 r  A[1] (IN)
                         net (fo=0)                   0.000     0.000    A[1]
    V9                   IBUF (Prop_ibuf_I_O)         0.979     0.979 r  A_IBUF[1]_inst/O
                         net (fo=3, routed)           1.827     2.806    A_IBUF[1]
    SLICE_X0Y8           LUT5 (Prop_lut5_I4_O)        0.124     2.930 r  S_OBUF[3]_inst_i_2/O
                         net (fo=5, routed)           0.840     3.770    FA1_C
    SLICE_X0Y8           LUT6 (Prop_lut6_I0_O)        0.124     3.894 r  C_outT_OBUF_inst_i_1/O
                         net (fo=1, routed)           1.879     5.773    C_outT_OBUF
    V17                  OBUF (Prop_obuf_I_O)         2.635     8.408 r  C_outT_OBUF_inst/O
                         net (fo=0)                   0.000     8.408    C_outT
    V17                                                               r  C_outT (OUT)
  -------------------------------------------------------------------    -------------------

Slack:                    inf
  Source:                 A[1]
                            (input port)
  Destination:            S[3]
                            (output port)
  Path Group:             (none)
  Path Type:              Max at Slow Process Corner
  Data Path Delay:        8.210ns  (logic 3.837ns (46.731%)  route 4.374ns (53.269%))
  Logic Levels:           4  (IBUF=1 LUT5=1 LUT6=1 OBUF=1)

    Location             Delay type                Incr(ns)  Path(ns)    Netlist Resource(s)
  -------------------------------------------------------------------    -------------------
    V9                                                0.000     0.000 r  A[1] (IN)
                         net (fo=0)                   0.000     0.000    A[1]
    V9                   IBUF (Prop_ibuf_I_O)         0.979     0.979 r  A_IBUF[1]_inst/O
                         net (fo=3, routed)           1.827     2.806    A_IBUF[1]
    SLICE_X0Y8           LUT5 (Prop_lut5_I4_O)        0.124     2.930 r  S_OBUF[3]_inst_i_2/O
                         net (fo=5, routed)           0.834     3.765    FA1_C
    SLICE_X0Y8           LUT6 (Prop_lut6_I2_O)        0.124     3.889 r  S_OBUF[3]_inst_i_1/O
                         net (fo=1, routed)           1.712     5.601    S_OBUF[3]
    R13                  OBUF (Prop_obuf_I_O)         2.609     8.210 r  S_OBUF[3]_inst/O
                         net (fo=0)                   0.000     8.210    S[3]
    R13                                                               r  S[3] (OUT)
  -------------------------------------------------------------------    -------------------

Slack:                    inf
  Source:                 B[0]
                            (input port)
  Destination:            zero
                            (output port)
  Path Group:             (none)
  Path Type:              Max at Slow Process Corner
  Data Path Delay:        7.925ns  (logic 3.828ns (48.303%)  route 4.097ns (51.697%))
  Logic Levels:           4  (IBUF=1 LUT5=1 LUT6=1 OBUF=1)

    Location             Delay type                Incr(ns)  Path(ns)    Netlist Resource(s)
  -------------------------------------------------------------------    -------------------
    U11                                               0.000     0.000 r  B[0] (IN)
                         net (fo=0)                   0.000     0.000    B[0]
    U11                  IBUF (Prop_ibuf_I_O)         0.955     0.955 r  B_IBUF[0]_inst/O
                         net (fo=4, routed)           1.564     2.519    B_IBUF[0]
    SLICE_X0Y8           LUT5 (Prop_lut5_I2_O)        0.124     2.643 r  zero_OBUF_inst_i_2/O
                         net (fo=1, routed)           0.655     3.298    zero_OBUF_inst_i_2_n_0
    SLICE_X1Y8           LUT6 (Prop_lut6_I0_O)        0.124     3.422 r  zero_OBUF_inst_i_1/O
                         net (fo=1, routed)           1.878     5.300    zero_OBUF
    U16                  OBUF (Prop_obuf_I_O)         2.625     7.925 r  zero_OBUF_inst/O
                         net (fo=0)                   0.000     7.925    zero
    U16                                                               r  zero (OUT)
  -------------------------------------------------------------------    -------------------

Slack:                    inf
  Source:                 A[1]
                            (input port)
  Destination:            overFlow
                            (output port)
  Path Group:             (none)
  Path Type:              Max at Slow Process Corner
  Data Path Delay:        7.872ns  (logic 3.863ns (49.074%)  route 4.009ns (50.926%))
  Logic Levels:           4  (IBUF=1 LUT5=1 LUT6=1 OBUF=1)

    Location             Delay type                Incr(ns)  Path(ns)    Netlist Resource(s)
  -------------------------------------------------------------------    -------------------
    V9                                                0.000     0.000 r  A[1] (IN)
                         net (fo=0)                   0.000     0.000    A[1]
    V9                   IBUF (Prop_ibuf_I_O)         0.979     0.979 r  A_IBUF[1]_inst/O
                         net (fo=3, routed)           1.827     2.806    A_IBUF[1]
    SLICE_X0Y8           LUT5 (Prop_lut5_I4_O)        0.124     2.930 r  S_OBUF[3]_inst_i_2/O
                         net (fo=5, routed)           0.330     3.261    FA1_C
    SLICE_X1Y8           LUT6 (Prop_lut6_I5_O)        0.124     3.385 r  overFlow_OBUF_inst_i_1/O
                         net (fo=1, routed)           1.851     5.236    overFlow_OBUF
    V16                  OBUF (Prop_obuf_I_O)         2.636     7.872 r  overFlow_OBUF_inst/O
                         net (fo=0)                   0.000     7.872    overFlow
    V16                                                               r  overFlow (OUT)
  -------------------------------------------------------------------    -------------------

Slack:                    inf
  Source:                 A[1]
                            (input port)
  Destination:            S[2]
                            (output port)
  Path Group:             (none)
  Path Type:              Max at Slow Process Corner
  Data Path Delay:        7.829ns  (logic 3.841ns (49.059%)  route 3.988ns (50.941%))
  Logic Levels:           4  (IBUF=1 LUT4=1 LUT5=1 OBUF=1)

    Location             Delay type                Incr(ns)  Path(ns)    Netlist Resource(s)
  -------------------------------------------------------------------    -------------------
    V9                                                0.000     0.000 r  A[1] (IN)
                         net (fo=0)                   0.000     0.000    A[1]
    V9                   IBUF (Prop_ibuf_I_O)         0.979     0.979 r  A_IBUF[1]_inst/O
                         net (fo=3, routed)           1.827     2.806    A_IBUF[1]
    SLICE_X0Y8           LUT5 (Prop_lut5_I4_O)        0.124     2.930 r  S_OBUF[3]_inst_i_2/O
                         net (fo=5, routed)           0.439     3.370    FA1_C
    SLICE_X1Y8           LUT4 (Prop_lut4_I0_O)        0.124     3.494 r  S_OBUF[2]_inst_i_1/O
                         net (fo=1, routed)           1.722     5.216    S_OBUF[2]
    T13                  OBUF (Prop_obuf_I_O)         2.614     7.829 r  S_OBUF[2]_inst/O
                         net (fo=0)                   0.000     7.829    S[2]
    T13                                                               r  S[2] (OUT)
  -------------------------------------------------------------------    -------------------

Slack:                    inf
  Source:                 B[0]
                            (input port)
  Destination:            S[1]
                            (output port)
  Path Group:             (none)
  Path Type:              Max at Slow Process Corner
  Data Path Delay:        7.324ns  (logic 3.937ns (53.750%)  route 3.388ns (46.250%))
  Logic Levels:           3  (IBUF=1 LUT5=1 OBUF=1)

    Location             Delay type                Incr(ns)  Path(ns)    Netlist Resource(s)
  -------------------------------------------------------------------    -------------------
    U11                                               0.000     0.000 r  B[0] (IN)
                         net (fo=0)                   0.000     0.000    B[0]
    U11                  IBUF (Prop_ibuf_I_O)         0.955     0.955 r  B_IBUF[0]_inst/O
                         net (fo=4, routed)           1.564     2.519    B_IBUF[0]
    SLICE_X0Y8           LUT5 (Prop_lut5_I1_O)        0.152     2.671 r  S_OBUF[1]_inst_i_1/O
                         net (fo=1, routed)           1.824     4.495    S_OBUF[1]
    U14                  OBUF (Prop_obuf_I_O)         2.830     7.324 r  S_OBUF[1]_inst/O
                         net (fo=0)                   0.000     7.324    S[1]
    U14                                                               r  S[1] (OUT)
  -------------------------------------------------------------------    -------------------

Slack:                    inf
  Source:                 B[0]
                            (input port)
  Destination:            S[0]
                            (output port)
  Path Group:             (none)
  Path Type:              Max at Slow Process Corner
  Data Path Delay:        6.980ns  (logic 3.931ns (56.317%)  route 3.049ns (43.683%))
  Logic Levels:           3  (IBUF=1 LUT2=1 OBUF=1)

    Location             Delay type                Incr(ns)  Path(ns)    Netlist Resource(s)
  -------------------------------------------------------------------    -------------------
    U11                                               0.000     0.000 r  B[0] (IN)
                         net (fo=0)                   0.000     0.000    B[0]
    U11                  IBUF (Prop_ibuf_I_O)         0.955     0.955 r  B_IBUF[0]_inst/O
                         net (fo=4, routed)           1.349     2.304    B_IBUF[0]
    SLICE_X0Y8           LUT2 (Prop_lut2_I1_O)        0.150     2.454 r  S_OBUF[0]_inst_i_1/O
                         net (fo=1, routed)           1.700     4.154    S_OBUF[0]
    V14                  OBUF (Prop_obuf_I_O)         2.826     6.980 r  S_OBUF[0]_inst/O
                         net (fo=0)                   0.000     6.980    S[0]
    V14                                                               r  S[0] (OUT)
  -------------------------------------------------------------------    -------------------





Min Delay Paths
--------------------------------------------------------------------------------------
Slack:                    inf
  Source:                 K
                            (input port)
  Destination:            S[3]
                            (output port)
  Path Group:             (none)
  Path Type:              Min at Fast Process Corner
  Data Path Delay:        2.162ns  (logic 1.365ns (63.143%)  route 0.797ns (36.857%))
  Logic Levels:           3  (IBUF=1 LUT6=1 OBUF=1)

    Location             Delay type                Incr(ns)  Path(ns)    Netlist Resource(s)
  -------------------------------------------------------------------    -------------------
    V12                                               0.000     0.000 r  K (IN)
                         net (fo=0)                   0.000     0.000    K
    V12                  IBUF (Prop_ibuf_I_O)         0.194     0.194 r  K_IBUF_inst/O
                         net (fo=9, routed)           0.444     0.638    K_IBUF
    SLICE_X0Y8           LUT6 (Prop_lut6_I4_O)        0.045     0.683 r  S_OBUF[3]_inst_i_1/O
                         net (fo=1, routed)           0.353     1.036    S_OBUF[3]
    R13                  OBUF (Prop_obuf_I_O)         1.126     2.162 r  S_OBUF[3]_inst/O
                         net (fo=0)                   0.000     2.162    S[3]
    R13                                                               r  S[3] (OUT)
  -------------------------------------------------------------------    -------------------

Slack:                    inf
  Source:                 K
                            (input port)
  Destination:            overFlow
                            (output port)
  Path Group:             (none)
  Path Type:              Min at Fast Process Corner
  Data Path Delay:        2.186ns  (logic 1.391ns (63.656%)  route 0.794ns (36.344%))
  Logic Levels:           3  (IBUF=1 LUT6=1 OBUF=1)

    Location             Delay type                Incr(ns)  Path(ns)    Netlist Resource(s)
  -------------------------------------------------------------------    -------------------
    V12                                               0.000     0.000 r  K (IN)
                         net (fo=0)                   0.000     0.000    K
    V12                  IBUF (Prop_ibuf_I_O)         0.194     0.194 r  K_IBUF_inst/O
                         net (fo=9, routed)           0.383     0.577    K_IBUF
    SLICE_X1Y8           LUT6 (Prop_lut6_I2_O)        0.045     0.622 r  overFlow_OBUF_inst_i_1/O
                         net (fo=1, routed)           0.411     1.033    overFlow_OBUF
    V16                  OBUF (Prop_obuf_I_O)         1.153     2.186 r  overFlow_OBUF_inst/O
                         net (fo=0)                   0.000     2.186    overFlow
    V16                                                               r  overFlow (OUT)
  -------------------------------------------------------------------    -------------------

Slack:                    inf
  Source:                 K
                            (input port)
  Destination:            S[2]
                            (output port)
  Path Group:             (none)
  Path Type:              Min at Fast Process Corner
  Data Path Delay:        2.245ns  (logic 1.369ns (60.991%)  route 0.876ns (39.009%))
  Logic Levels:           3  (IBUF=1 LUT4=1 OBUF=1)

    Location             Delay type                Incr(ns)  Path(ns)    Netlist Resource(s)
  -------------------------------------------------------------------    -------------------
    V12                                               0.000     0.000 r  K (IN)
                         net (fo=0)                   0.000     0.000    K
    V12                  IBUF (Prop_ibuf_I_O)         0.194     0.194 r  K_IBUF_inst/O
                         net (fo=9, routed)           0.523     0.717    K_IBUF
    SLICE_X1Y8           LUT4 (Prop_lut4_I2_O)        0.045     0.762 r  S_OBUF[2]_inst_i_1/O
                         net (fo=1, routed)           0.353     1.115    S_OBUF[2]
    T13                  OBUF (Prop_obuf_I_O)         1.131     2.245 r  S_OBUF[2]_inst/O
                         net (fo=0)                   0.000     2.245    S[2]
    T13                                                               r  S[2] (OUT)
  -------------------------------------------------------------------    -------------------

Slack:                    inf
  Source:                 K
                            (input port)
  Destination:            C_outT
                            (output port)
  Path Group:             (none)
  Path Type:              Min at Fast Process Corner
  Data Path Delay:        2.250ns  (logic 1.391ns (61.804%)  route 0.859ns (38.196%))
  Logic Levels:           3  (IBUF=1 LUT6=1 OBUF=1)

    Location             Delay type                Incr(ns)  Path(ns)    Netlist Resource(s)
  -------------------------------------------------------------------    -------------------
    V12                                               0.000     0.000 r  K (IN)
                         net (fo=0)                   0.000     0.000    K
    V12                  IBUF (Prop_ibuf_I_O)         0.194     0.194 r  K_IBUF_inst/O
                         net (fo=9, routed)           0.443     0.637    K_IBUF
    SLICE_X0Y8           LUT6 (Prop_lut6_I3_O)        0.045     0.682 r  C_outT_OBUF_inst_i_1/O
                         net (fo=1, routed)           0.417     1.098    C_outT_OBUF
    V17                  OBUF (Prop_obuf_I_O)         1.152     2.250 r  C_outT_OBUF_inst/O
                         net (fo=0)                   0.000     2.250    C_outT
    V17                                                               r  C_outT (OUT)
  -------------------------------------------------------------------    -------------------

Slack:                    inf
  Source:                 K
                            (input port)
  Destination:            zero
                            (output port)
  Path Group:             (none)
  Path Type:              Min at Fast Process Corner
  Data Path Delay:        2.254ns  (logic 1.380ns (61.255%)  route 0.873ns (38.745%))
  Logic Levels:           3  (IBUF=1 LUT6=1 OBUF=1)

    Location             Delay type                Incr(ns)  Path(ns)    Netlist Resource(s)
  -------------------------------------------------------------------    -------------------
    V12                                               0.000     0.000 r  K (IN)
                         net (fo=0)                   0.000     0.000    K
    V12                  IBUF (Prop_ibuf_I_O)         0.194     0.194 r  K_IBUF_inst/O
                         net (fo=9, routed)           0.459     0.653    K_IBUF
    SLICE_X1Y8           LUT6 (Prop_lut6_I3_O)        0.045     0.698 r  zero_OBUF_inst_i_1/O
                         net (fo=1, routed)           0.414     1.112    zero_OBUF
    U16                  OBUF (Prop_obuf_I_O)         1.142     2.254 r  zero_OBUF_inst/O
                         net (fo=0)                   0.000     2.254    zero
    U16                                                               r  zero (OUT)
  -------------------------------------------------------------------    -------------------

Slack:                    inf
  Source:                 A[0]
                            (input port)
  Destination:            S[0]
                            (output port)
  Path Group:             (none)
  Path Type:              Min at Fast Process Corner
  Data Path Delay:        2.264ns  (logic 1.429ns (63.105%)  route 0.835ns (36.895%))
  Logic Levels:           3  (IBUF=1 LUT2=1 OBUF=1)

    Location             Delay type                Incr(ns)  Path(ns)    Netlist Resource(s)
  -------------------------------------------------------------------    -------------------
    U10                                               0.000     0.000 r  A[0] (IN)
                         net (fo=0)                   0.000     0.000    A[0]
    U10                  IBUF (Prop_ibuf_I_O)         0.178     0.178 r  A_IBUF[0]_inst/O
                         net (fo=4, routed)           0.487     0.665    A_IBUF[0]
    SLICE_X0Y8           LUT2 (Prop_lut2_I0_O)        0.048     0.713 r  S_OBUF[0]_inst_i_1/O
                         net (fo=1, routed)           0.348     1.061    S_OBUF[0]
    V14                  OBUF (Prop_obuf_I_O)         1.203     2.264 r  S_OBUF[0]_inst/O
                         net (fo=0)                   0.000     2.264    S[0]
    V14                                                               r  S[0] (OUT)
  -------------------------------------------------------------------    -------------------

Slack:                    inf
  Source:                 K
                            (input port)
  Destination:            S[1]
                            (output port)
  Path Group:             (none)
  Path Type:              Min at Fast Process Corner
  Data Path Delay:        2.287ns  (logic 1.442ns (63.064%)  route 0.845ns (36.936%))
  Logic Levels:           3  (IBUF=1 LUT5=1 OBUF=1)

    Location             Delay type                Incr(ns)  Path(ns)    Netlist Resource(s)
  -------------------------------------------------------------------    -------------------
    V12                                               0.000     0.000 r  K (IN)
                         net (fo=0)                   0.000     0.000    K
    V12                  IBUF (Prop_ibuf_I_O)         0.194     0.194 r  K_IBUF_inst/O
                         net (fo=9, routed)           0.459     0.653    K_IBUF
    SLICE_X0Y8           LUT5 (Prop_lut5_I3_O)        0.043     0.696 r  S_OBUF[1]_inst_i_1/O
                         net (fo=1, routed)           0.386     1.082    S_OBUF[1]
    U14                  OBUF (Prop_obuf_I_O)         1.206     2.287 r  S_OBUF[1]_inst/O
                         net (fo=0)                   0.000     2.287    S[1]
    U14                                                               r  S[1] (OUT)
  -------------------------------------------------------------------    -------------------





